<?xml version="1.0" encoding="UTF-8"?>
<testsuite xmlns:xsi="http://www.w3.org/2001/XMLSchema-instance" xsi:noNamespaceSchemaLocation="https://maven.apache.org/surefire/maven-surefire-plugin/xsd/surefire-test-report.xsd" name="com.zl.cartoon.CartoonApplicationTests" time="4.346" tests="1" errors="0" skipped="0" failures="0">
  <properties>
    <property name="sun.desktop" value="windows"/>
    <property name="awt.toolkit" value="sun.awt.windows.WToolkit"/>
    <property name="file.encoding.pkg" value="sun.io"/>
    <property name="java.specification.version" value="1.8"/>
    <property name="sun.cpu.isalist" value="amd64"/>
    <property name="sun.jnu.encoding" value="GBK"/>
    <property name="java.class.path" value="E:\zl\cartoonWeb\cartoon\target\test-classes;E:\zl\cartoonWeb\cartoon\target\classes;D:\soft\maven\repository\com\ty\erp\erp-entitys\1.0-SNAPSHOT\erp-entitys-1.0-SNAPSHOT.jar;D:\soft\maven\repository\com\ty\erp\erp-utils\1.0-SNAPSHOT\erp-utils-1.0-SNAPSHOT.jar;D:\soft\maven\repository\org\codehaus\jackson\jackson-core-lgpl\1.9.6\jackson-core-lgpl-1.9.6.jar;D:\soft\maven\repository\org\codehaus\jackson\jackson-core-asl\1.9.4\jackson-core-asl-1.9.4.jar;D:\soft\maven\repository\org\codehaus\jackson\jackson-mapper-asl\1.9.5\jackson-mapper-asl-1.9.5.jar;D:\soft\maven\repository\org\codehaus\jackson\jackson-mapper-lgpl\1.9.6\jackson-mapper-lgpl-1.9.6.jar;D:\soft\maven\repository\org\apache\httpcomponents\httpclient\4.5.6\httpclient-4.5.6.jar;D:\soft\maven\repository\org\apache\httpcomponents\httpcore\4.4.10\httpcore-4.4.10.jar;D:\soft\maven\repository\net\sourceforge\pinyin4j\pinyin4j\2.5.0\pinyin4j-2.5.0.jar;D:\soft\maven\repository\org\apache\httpcomponents\httpmime\4.5.6\httpmime-4.5.6.jar;D:\soft\maven\repository\com\ty\erp\erp-common\1.0-SNAPSHOT\erp-common-1.0-SNAPSHOT.jar;D:\soft\maven\repository\org\springframework\spring-core\5.0.8.RELEASE\spring-core-5.0.8.RELEASE.jar;D:\soft\maven\repository\org\springframework\spring-jcl\5.0.8.RELEASE\spring-jcl-5.0.8.RELEASE.jar;D:\soft\maven\repository\com\qs\platforms\1.0-SNAPSHOT\platforms-1.0-SNAPSHOT.jar;D:\soft\maven\repository\com\suning\api\suning_sdk\20160128\suning_sdk-20160128.jar;D:\soft\maven\repository\com\fapiao\SADK\3.1.0.6\SADK-3.1.0.6.jar;D:\soft\maven\repository\com\fapiao\svs-api-web\1.0\svs-api-web-1.0.jar;D:\soft\maven\repository\commons-codec\commons-codec\1.11\commons-codec-1.11.jar;D:\soft\maven\repository\com\thoughtworks\xstream\xstream\1.4.4\xstream-1.4.4.jar;D:\soft\maven\repository\xmlpull\xmlpull\1.1.3.1\xmlpull-1.1.3.1.jar;D:\soft\maven\repository\xpp3\xpp3_min\1.1.4c\xpp3_min-1.1.4c.jar;D:\soft\maven\repository\vop-sdk\vop-sdk\20180608\vop-sdk-20180608.jar;D:\soft\maven\repository\osp-sdk\osp-sdk\20180806\osp-sdk-20180806.jar;D:\soft\maven\repository\com\taobao\api\taobao-sdk-java-online_standard\20180724\taobao-sdk-java-online_standard-20180724.jar;D:\soft\maven\repository\com\qs\srop\1.0.0-SNAPSHOT\srop-1.0.0-SNAPSHOT.jar;D:\soft\maven\repository\commons-lang\commons-lang\2.5\commons-lang-2.5.jar;D:\soft\maven\repository\com\fasterxml\jackson\dataformat\jackson-dataformat-xml\2.9.6\jackson-dataformat-xml-2.9.6.jar;D:\soft\maven\repository\com\fasterxml\jackson\module\jackson-module-jaxb-annotations\2.9.6\jackson-module-jaxb-annotations-2.9.6.jar;D:\soft\maven\repository\org\codehaus\woodstox\stax2-api\3.1.4\stax2-api-3.1.4.jar;D:\soft\maven\repository\com\fasterxml\woodstox\woodstox-core\5.0.3\woodstox-core-5.0.3.jar;D:\soft\maven\repository\org\codehaus\woodstox\woodstox-core-asl\4.1.5\woodstox-core-asl-4.1.5.jar;D:\soft\maven\repository\javax\xml\stream\stax-api\1.0-2\stax-api-1.0-2.jar;D:\soft\maven\repository\javax\activation\activation\1.1.1\activation-1.1.1.jar;D:\soft\maven\repository\com\google\code\gson\gson\2.8.5\gson-2.8.5.jar;D:\soft\maven\repository\org\hibernate\hibernate-validator\5.2.2.Final\hibernate-validator-5.2.2.Final.jar;D:\soft\maven\repository\javax\el\javax.el-api\3.0.0\javax.el-api-3.0.0.jar;D:\soft\maven\repository\javax\validation\validation-api\2.0.1.Final\validation-api-2.0.1.Final.jar;D:\soft\maven\repository\mogujie\openapi\0.1\openapi-0.1.jar;D:\soft\maven\repository\gmos\gmos-open-sdk\20170417\gmos-open-sdk-20170417.jar;D:\soft\maven\repository\com\feiniu\open\api\open-api-sdk\1.3.7\open-api-sdk-1.3.7.jar;D:\soft\maven\repository\com\feiniu\open\api\fnGson\1.2\fnGson-1.2.jar;D:\soft\maven\repository\commons-beanutils\commons-beanutils\1.9.3\commons-beanutils-1.9.3.jar;D:\soft\maven\repository\commons-logging\commons-logging\1.2\commons-logging-1.2.jar;D:\soft\maven\repository\commons-collections\commons-collections\3.2.2\commons-collections-3.2.2.jar;D:\soft\maven\repository\com\xiaomi\SDK\20180425\SDK-20180425.jar;D:\soft\maven\repository\com\fasterxml\jackson\core\jackson-annotations\2.9.0\jackson-annotations-2.9.0.jar;D:\soft\maven\repository\com\fasterxml\jackson\core\jackson-core\2.9.6\jackson-core-2.9.6.jar;D:\soft\maven\repository\com\fasterxml\jackson\core\jackson-databind\2.9.6\jackson-databind-2.9.6.jar;D:\soft\maven\repository\commons-httpclient\commons-httpclient\3.1\commons-httpclient-3.1.jar;D:\soft\maven\repository\com\weidian\open_sdk_java\1.0.1\open_sdk_java-1.0.1.jar;D:\soft\maven\repository\com\jdwl\open-sdk\1.0.0.0\open-sdk-1.0.0.0.jar;D:\soft\maven\repository\com\jd\open-api-sdk\20180823\open-api-sdk-20180823.jar;D:\soft\maven\repository\com\qs\PlatUtils\1.0-SNAPSHOT\PlatUtils-1.0-SNAPSHOT.jar;D:\soft\maven\repository\org\springframework\spring-context-support\5.0.8.RELEASE\spring-context-support-5.0.8.RELEASE.jar;D:\soft\maven\repository\org\springframework\spring-oxm\5.0.8.RELEASE\spring-oxm-5.0.8.RELEASE.jar;D:\soft\maven\repository\org\springframework\spring-jdbc\5.0.8.RELEASE\spring-jdbc-5.0.8.RELEASE.jar;D:\soft\maven\repository\javax\servlet\javax.servlet-api\3.1.0\javax.servlet-api-3.1.0.jar;D:\soft\maven\repository\org\springframework\boot\spring-boot-starter-data-redis\2.0.4.RELEASE\spring-boot-starter-data-redis-2.0.4.RELEASE.jar;D:\soft\maven\repository\org\springframework\boot\spring-boot-starter\2.0.4.RELEASE\spring-boot-starter-2.0.4.RELEASE.jar;D:\soft\maven\repository\org\springframework\boot\spring-boot-starter-logging\2.0.4.RELEASE\spring-boot-starter-logging-2.0.4.RELEASE.jar;D:\soft\maven\repository\ch\qos\logback\logback-classic\1.2.3\logback-classic-1.2.3.jar;D:\soft\maven\repository\ch\qos\logback\logback-core\1.2.3\logback-core-1.2.3.jar;D:\soft\maven\repository\org\apache\logging\log4j\log4j-to-slf4j\2.10.0\log4j-to-slf4j-2.10.0.jar;D:\soft\maven\repository\org\apache\logging\log4j\log4j-api\2.10.0\log4j-api-2.10.0.jar;D:\soft\maven\repository\org\slf4j\jul-to-slf4j\1.7.25\jul-to-slf4j-1.7.25.jar;D:\soft\maven\repository\javax\annotation\javax.annotation-api\1.3.2\javax.annotation-api-1.3.2.jar;D:\soft\maven\repository\org\yaml\snakeyaml\1.19\snakeyaml-1.19.jar;D:\soft\maven\repository\org\springframework\data\spring-data-redis\2.0.9.RELEASE\spring-data-redis-2.0.9.RELEASE.jar;D:\soft\maven\repository\org\springframework\data\spring-data-keyvalue\2.0.9.RELEASE\spring-data-keyvalue-2.0.9.RELEASE.jar;D:\soft\maven\repository\org\springframework\data\spring-data-commons\2.0.9.RELEASE\spring-data-commons-2.0.9.RELEASE.jar;D:\soft\maven\repository\org\springframework\spring-tx\5.0.8.RELEASE\spring-tx-5.0.8.RELEASE.jar;D:\soft\maven\repository\org\springframework\spring-aop\5.0.8.RELEASE\spring-aop-5.0.8.RELEASE.jar;D:\soft\maven\repository\io\lettuce\lettuce-core\5.0.4.RELEASE\lettuce-core-5.0.4.RELEASE.jar;D:\soft\maven\repository\io\projectreactor\reactor-core\3.1.8.RELEASE\reactor-core-3.1.8.RELEASE.jar;D:\soft\maven\repository\org\reactivestreams\reactive-streams\1.0.2\reactive-streams-1.0.2.jar;D:\soft\maven\repository\io\netty\netty-common\4.1.27.Final\netty-common-4.1.27.Final.jar;D:\soft\maven\repository\io\netty\netty-transport\4.1.27.Final\netty-transport-4.1.27.Final.jar;D:\soft\maven\repository\io\netty\netty-buffer\4.1.27.Final\netty-buffer-4.1.27.Final.jar;D:\soft\maven\repository\io\netty\netty-resolver\4.1.27.Final\netty-resolver-4.1.27.Final.jar;D:\soft\maven\repository\io\netty\netty-handler\4.1.27.Final\netty-handler-4.1.27.Final.jar;D:\soft\maven\repository\io\netty\netty-codec\4.1.27.Final\netty-codec-4.1.27.Final.jar;D:\soft\maven\repository\org\springframework\boot\spring-boot-starter-web\2.0.4.RELEASE\spring-boot-starter-web-2.0.4.RELEASE.jar;D:\soft\maven\repository\org\springframework\boot\spring-boot-starter-json\2.0.4.RELEASE\spring-boot-starter-json-2.0.4.RELEASE.jar;D:\soft\maven\repository\com\fasterxml\jackson\datatype\jackson-datatype-jdk8\2.9.6\jackson-datatype-jdk8-2.9.6.jar;D:\soft\maven\repository\com\fasterxml\jackson\datatype\jackson-datatype-jsr310\2.9.6\jackson-datatype-jsr310-2.9.6.jar;D:\soft\maven\repository\com\fasterxml\jackson\module\jackson-module-parameter-names\2.9.6\jackson-module-parameter-names-2.9.6.jar;D:\soft\maven\repository\org\springframework\boot\spring-boot-starter-tomcat\2.0.4.RELEASE\spring-boot-starter-tomcat-2.0.4.RELEASE.jar;D:\soft\maven\repository\org\apache\tomcat\embed\tomcat-embed-core\8.5.32\tomcat-embed-core-8.5.32.jar;D:\soft\maven\repository\org\apache\tomcat\embed\tomcat-embed-el\8.5.32\tomcat-embed-el-8.5.32.jar;D:\soft\maven\repository\org\apache\tomcat\embed\tomcat-embed-websocket\8.5.32\tomcat-embed-websocket-8.5.32.jar;D:\soft\maven\repository\org\hibernate\validator\hibernate-validator\6.0.11.Final\hibernate-validator-6.0.11.Final.jar;D:\soft\maven\repository\org\jboss\logging\jboss-logging\3.3.2.Final\jboss-logging-3.3.2.Final.jar;D:\soft\maven\repository\com\fasterxml\classmate\1.3.4\classmate-1.3.4.jar;D:\soft\maven\repository\org\springframework\spring-web\5.0.8.RELEASE\spring-web-5.0.8.RELEASE.jar;D:\soft\maven\repository\org\springframework\spring-beans\5.0.8.RELEASE\spring-beans-5.0.8.RELEASE.jar;D:\soft\maven\repository\org\springframework\spring-webmvc\5.0.8.RELEASE\spring-webmvc-5.0.8.RELEASE.jar;D:\soft\maven\repository\org\springframework\spring-context\5.0.8.RELEASE\spring-context-5.0.8.RELEASE.jar;D:\soft\maven\repository\org\springframework\spring-expression\5.0.8.RELEASE\spring-expression-5.0.8.RELEASE.jar;D:\soft\maven\repository\org\mybatis\spring\boot\mybatis-spring-boot-starter\1.3.2\mybatis-spring-boot-starter-1.3.2.jar;D:\soft\maven\repository\org\springframework\boot\spring-boot-starter-jdbc\2.0.4.RELEASE\spring-boot-starter-jdbc-2.0.4.RELEASE.jar;D:\soft\maven\repository\com\zaxxer\HikariCP\2.7.9\HikariCP-2.7.9.jar;D:\soft\maven\repository\org\mybatis\spring\boot\mybatis-spring-boot-autoconfigure\1.3.2\mybatis-spring-boot-autoconfigure-1.3.2.jar;D:\soft\maven\repository\org\mybatis\mybatis\3.4.6\mybatis-3.4.6.jar;D:\soft\maven\repository\org\mybatis\mybatis-spring\1.3.2\mybatis-spring-1.3.2.jar;D:\soft\maven\repository\mysql\mysql-connector-java\5.1.46\mysql-connector-java-5.1.46.jar;D:\soft\maven\repository\org\springframework\boot\spring-boot-starter-test\2.0.4.RELEASE\spring-boot-starter-test-2.0.4.RELEASE.jar;D:\soft\maven\repository\org\springframework\boot\spring-boot-test\2.0.4.RELEASE\spring-boot-test-2.0.4.RELEASE.jar;D:\soft\maven\repository\org\springframework\boot\spring-boot-test-autoconfigure\2.0.4.RELEASE\spring-boot-test-autoconfigure-2.0.4.RELEASE.jar;D:\soft\maven\repository\com\jayway\jsonpath\json-path\2.4.0\json-path-2.4.0.jar;D:\soft\maven\repository\net\minidev\json-smart\2.3\json-smart-2.3.jar;D:\soft\maven\repository\net\minidev\accessors-smart\1.2\accessors-smart-1.2.jar;D:\soft\maven\repository\org\ow2\asm\asm\5.0.4\asm-5.0.4.jar;D:\soft\maven\repository\junit\junit\4.12\junit-4.12.jar;D:\soft\maven\repository\org\assertj\assertj-core\3.9.1\assertj-core-3.9.1.jar;D:\soft\maven\repository\org\mockito\mockito-core\2.15.0\mockito-core-2.15.0.jar;D:\soft\maven\repository\net\bytebuddy\byte-buddy\1.7.11\byte-buddy-1.7.11.jar;D:\soft\maven\repository\net\bytebuddy\byte-buddy-agent\1.7.11\byte-buddy-agent-1.7.11.jar;D:\soft\maven\repository\org\objenesis\objenesis\2.6\objenesis-2.6.jar;D:\soft\maven\repository\org\hamcrest\hamcrest-core\1.3\hamcrest-core-1.3.jar;D:\soft\maven\repository\org\hamcrest\hamcrest-library\1.3\hamcrest-library-1.3.jar;D:\soft\maven\repository\org\skyscreamer\jsonassert\1.5.0\jsonassert-1.5.0.jar;D:\soft\maven\repository\com\vaadin\external\google\android-json\0.0.20131108.vaadin1\android-json-0.0.20131108.vaadin1.jar;D:\soft\maven\repository\org\springframework\spring-test\5.0.8.RELEASE\spring-test-5.0.8.RELEASE.jar;D:\soft\maven\repository\org\xmlunit\xmlunit-core\2.5.1\xmlunit-core-2.5.1.jar;D:\soft\maven\repository\com\alibaba\fastjson\1.2.47\fastjson-1.2.47.jar;D:\soft\maven\repository\commons-io\commons-io\2.6\commons-io-2.6.jar;D:\soft\maven\repository\org\apache\commons\commons-lang3\3.7\commons-lang3-3.7.jar;D:\soft\maven\repository\org\slf4j\slf4j-log4j12\1.7.25\slf4j-log4j12-1.7.25.jar;D:\soft\maven\repository\org\slf4j\slf4j-api\1.7.25\slf4j-api-1.7.25.jar;D:\soft\maven\repository\log4j\log4j\1.2.17\log4j-1.2.17.jar;D:\soft\maven\repository\org\springframework\boot\spring-boot-devtools\2.0.4.RELEASE\spring-boot-devtools-2.0.4.RELEASE.jar;D:\soft\maven\repository\org\springframework\boot\spring-boot\2.0.4.RELEASE\spring-boot-2.0.4.RELEASE.jar;D:\soft\maven\repository\org\springframework\boot\spring-boot-autoconfigure\2.0.4.RELEASE\spring-boot-autoconfigure-2.0.4.RELEASE.jar;D:\soft\maven\repository\org\springframework\boot\spring-boot-starter-thymeleaf\2.0.4.RELEASE\spring-boot-starter-thymeleaf-2.0.4.RELEASE.jar;D:\soft\maven\repository\org\thymeleaf\thymeleaf-spring5\3.0.9.RELEASE\thymeleaf-spring5-3.0.9.RELEASE.jar;D:\soft\maven\repository\org\thymeleaf\thymeleaf\3.0.9.RELEASE\thymeleaf-3.0.9.RELEASE.jar;D:\soft\maven\repository\org\attoparser\attoparser\2.0.4.RELEASE\attoparser-2.0.4.RELEASE.jar;D:\soft\maven\repository\org\unbescape\unbescape\1.1.5.RELEASE\unbescape-1.1.5.RELEASE.jar;D:\soft\maven\repository\org\thymeleaf\extras\thymeleaf-extras-java8time\3.0.1.RELEASE\thymeleaf-extras-java8time-3.0.1.RELEASE.jar;D:\soft\maven\repository\net\sourceforge\nekohtml\nekohtml\1.9.22\nekohtml-1.9.22.jar;D:\soft\maven\repository\xerces\xercesImpl\2.11.0\xercesImpl-2.11.0.jar;D:\soft\maven\repository\xml-apis\xml-apis\1.4.01\xml-apis-1.4.01.jar;"/>
    <property name="java.vm.vendor" value="Oracle Corporation"/>
    <property name="sun.arch.data.model" value="64"/>
    <property name="user.variant" value=""/>
    <property name="java.vendor.url" value="http://java.oracle.com/"/>
    <property name="user.timezone" value=""/>
    <property name="java.vm.specification.version" value="1.8"/>
    <property name="os.name" value="Windows 10"/>
    <property name="user.country" value="CN"/>
    <property name="sun.java.launcher" value="SUN_STANDARD"/>
    <property name="sun.boot.library.path" value="C:\Program Files\Java\jdk1.8.0_162\jre\bin"/>
    <property name="sun.java.command" value="C:\Users\HP\AppData\Local\Temp\surefire3653555612386140320\surefirebooter242438026001978633.jar C:\Users\HP\AppData\Local\Temp\surefire3653555612386140320 2018-09-09T21-53-27_184-jvmRun1 surefire7444042033430745197tmp surefire_03416695954425023526tmp"/>
    <property name="surefire.test.class.path" value="E:\zl\cartoonWeb\cartoon\target\test-classes;E:\zl\cartoonWeb\cartoon\target\classes;D:\soft\maven\repository\com\ty\erp\erp-entitys\1.0-SNAPSHOT\erp-entitys-1.0-SNAPSHOT.jar;D:\soft\maven\repository\com\ty\erp\erp-utils\1.0-SNAPSHOT\erp-utils-1.0-SNAPSHOT.jar;D:\soft\maven\repository\org\codehaus\jackson\jackson-core-lgpl\1.9.6\jackson-core-lgpl-1.9.6.jar;D:\soft\maven\repository\org\codehaus\jackson\jackson-core-asl\1.9.4\jackson-core-asl-1.9.4.jar;D:\soft\maven\repository\org\codehaus\jackson\jackson-mapper-asl\1.9.5\jackson-mapper-asl-1.9.5.jar;D:\soft\maven\repository\org\codehaus\jackson\jackson-mapper-lgpl\1.9.6\jackson-mapper-lgpl-1.9.6.jar;D:\soft\maven\repository\org\apache\httpcomponents\httpclient\4.5.6\httpclient-4.5.6.jar;D:\soft\maven\repository\org\apache\httpcomponents\httpcore\4.4.10\httpcore-4.4.10.jar;D:\soft\maven\repository\net\sourceforge\pinyin4j\pinyin4j\2.5.0\pinyin4j-2.5.0.jar;D:\soft\maven\repository\org\apache\httpcomponents\httpmime\4.5.6\httpmime-4.5.6.jar;D:\soft\maven\repository\com\ty\erp\erp-common\1.0-SNAPSHOT\erp-common-1.0-SNAPSHOT.jar;D:\soft\maven\repository\org\springframework\spring-core\5.0.8.RELEASE\spring-core-5.0.8.RELEASE.jar;D:\soft\maven\repository\org\springframework\spring-jcl\5.0.8.RELEASE\spring-jcl-5.0.8.RELEASE.jar;D:\soft\maven\repository\com\qs\platforms\1.0-SNAPSHOT\platforms-1.0-SNAPSHOT.jar;D:\soft\maven\repository\com\suning\api\suning_sdk\20160128\suning_sdk-20160128.jar;D:\soft\maven\repository\com\fapiao\SADK\3.1.0.6\SADK-3.1.0.6.jar;D:\soft\maven\repository\com\fapiao\svs-api-web\1.0\svs-api-web-1.0.jar;D:\soft\maven\repository\commons-codec\commons-codec\1.11\commons-codec-1.11.jar;D:\soft\maven\repository\com\thoughtworks\xstream\xstream\1.4.4\xstream-1.4.4.jar;D:\soft\maven\repository\xmlpull\xmlpull\1.1.3.1\xmlpull-1.1.3.1.jar;D:\soft\maven\repository\xpp3\xpp3_min\1.1.4c\xpp3_min-1.1.4c.jar;D:\soft\maven\repository\vop-sdk\vop-sdk\20180608\vop-sdk-20180608.jar;D:\soft\maven\repository\osp-sdk\osp-sdk\20180806\osp-sdk-20180806.jar;D:\soft\maven\repository\com\taobao\api\taobao-sdk-java-online_standard\20180724\taobao-sdk-java-online_standard-20180724.jar;D:\soft\maven\repository\com\qs\srop\1.0.0-SNAPSHOT\srop-1.0.0-SNAPSHOT.jar;D:\soft\maven\repository\commons-lang\commons-lang\2.5\commons-lang-2.5.jar;D:\soft\maven\repository\com\fasterxml\jackson\dataformat\jackson-dataformat-xml\2.9.6\jackson-dataformat-xml-2.9.6.jar;D:\soft\maven\repository\com\fasterxml\jackson\module\jackson-module-jaxb-annotations\2.9.6\jackson-module-jaxb-annotations-2.9.6.jar;D:\soft\maven\repository\org\codehaus\woodstox\stax2-api\3.1.4\stax2-api-3.1.4.jar;D:\soft\maven\repository\com\fasterxml\woodstox\woodstox-core\5.0.3\woodstox-core-5.0.3.jar;D:\soft\maven\repository\org\codehaus\woodstox\woodstox-core-asl\4.1.5\woodstox-core-asl-4.1.5.jar;D:\soft\maven\repository\javax\xml\stream\stax-api\1.0-2\stax-api-1.0-2.jar;D:\soft\maven\repository\javax\activation\activation\1.1.1\activation-1.1.1.jar;D:\soft\maven\repository\com\google\code\gson\gson\2.8.5\gson-2.8.5.jar;D:\soft\maven\repository\org\hibernate\hibernate-validator\5.2.2.Final\hibernate-validator-5.2.2.Final.jar;D:\soft\maven\repository\javax\el\javax.el-api\3.0.0\javax.el-api-3.0.0.jar;D:\soft\maven\repository\javax\validation\validation-api\2.0.1.Final\validation-api-2.0.1.Final.jar;D:\soft\maven\repository\mogujie\openapi\0.1\openapi-0.1.jar;D:\soft\maven\repository\gmos\gmos-open-sdk\20170417\gmos-open-sdk-20170417.jar;D:\soft\maven\repository\com\feiniu\open\api\open-api-sdk\1.3.7\open-api-sdk-1.3.7.jar;D:\soft\maven\repository\com\feiniu\open\api\fnGson\1.2\fnGson-1.2.jar;D:\soft\maven\repository\commons-beanutils\commons-beanutils\1.9.3\commons-beanutils-1.9.3.jar;D:\soft\maven\repository\commons-logging\commons-logging\1.2\commons-logging-1.2.jar;D:\soft\maven\repository\commons-collections\commons-collections\3.2.2\commons-collections-3.2.2.jar;D:\soft\maven\repository\com\xiaomi\SDK\20180425\SDK-20180425.jar;D:\soft\maven\repository\com\fasterxml\jackson\core\jackson-annotations\2.9.0\jackson-annotations-2.9.0.jar;D:\soft\maven\repository\com\fasterxml\jackson\core\jackson-core\2.9.6\jackson-core-2.9.6.jar;D:\soft\maven\repository\com\fasterxml\jackson\core\jackson-databind\2.9.6\jackson-databind-2.9.6.jar;D:\soft\maven\repository\commons-httpclient\commons-httpclient\3.1\commons-httpclient-3.1.jar;D:\soft\maven\repository\com\weidian\open_sdk_java\1.0.1\open_sdk_java-1.0.1.jar;D:\soft\maven\repository\com\jdwl\open-sdk\1.0.0.0\open-sdk-1.0.0.0.jar;D:\soft\maven\repository\com\jd\open-api-sdk\20180823\open-api-sdk-20180823.jar;D:\soft\maven\repository\com\qs\PlatUtils\1.0-SNAPSHOT\PlatUtils-1.0-SNAPSHOT.jar;D:\soft\maven\repository\org\springframework\spring-context-support\5.0.8.RELEASE\spring-context-support-5.0.8.RELEASE.jar;D:\soft\maven\repository\org\springframework\spring-oxm\5.0.8.RELEASE\spring-oxm-5.0.8.RELEASE.jar;D:\soft\maven\repository\org\springframework\spring-jdbc\5.0.8.RELEASE\spring-jdbc-5.0.8.RELEASE.jar;D:\soft\maven\repository\javax\servlet\javax.servlet-api\3.1.0\javax.servlet-api-3.1.0.jar;D:\soft\maven\repository\org\springframework\boot\spring-boot-starter-data-redis\2.0.4.RELEASE\spring-boot-starter-data-redis-2.0.4.RELEASE.jar;D:\soft\maven\repository\org\springframework\boot\spring-boot-starter\2.0.4.RELEASE\spring-boot-starter-2.0.4.RELEASE.jar;D:\soft\maven\repository\org\springframework\boot\spring-boot-starter-logging\2.0.4.RELEASE\spring-boot-starter-logging-2.0.4.RELEASE.jar;D:\soft\maven\repository\ch\qos\logback\logback-classic\1.2.3\logback-classic-1.2.3.jar;D:\soft\maven\repository\ch\qos\logback\logback-core\1.2.3\logback-core-1.2.3.jar;D:\soft\maven\repository\org\apache\logging\log4j\log4j-to-slf4j\2.10.0\log4j-to-slf4j-2.10.0.jar;D:\soft\maven\repository\org\apache\logging\log4j\log4j-api\2.10.0\log4j-api-2.10.0.jar;D:\soft\maven\repository\org\slf4j\jul-to-slf4j\1.7.25\jul-to-slf4j-1.7.25.jar;D:\soft\maven\repository\javax\annotation\javax.annotation-api\1.3.2\javax.annotation-api-1.3.2.jar;D:\soft\maven\repository\org\yaml\snakeyaml\1.19\snakeyaml-1.19.jar;D:\soft\maven\repository\org\springframework\data\spring-data-redis\2.0.9.RELEASE\spring-data-redis-2.0.9.RELEASE.jar;D:\soft\maven\repository\org\springframework\data\spring-data-keyvalue\2.0.9.RELEASE\spring-data-keyvalue-2.0.9.RELEASE.jar;D:\soft\maven\repository\org\springframework\data\spring-data-commons\2.0.9.RELEASE\spring-data-commons-2.0.9.RELEASE.jar;D:\soft\maven\repository\org\springframework\spring-tx\5.0.8.RELEASE\spring-tx-5.0.8.RELEASE.jar;D:\soft\maven\repository\org\springframework\spring-aop\5.0.8.RELEASE\spring-aop-5.0.8.RELEASE.jar;D:\soft\maven\repository\io\lettuce\lettuce-core\5.0.4.RELEASE\lettuce-core-5.0.4.RELEASE.jar;D:\soft\maven\repository\io\projectreactor\reactor-core\3.1.8.RELEASE\reactor-core-3.1.8.RELEASE.jar;D:\soft\maven\repository\org\reactivestreams\reactive-streams\1.0.2\reactive-streams-1.0.2.jar;D:\soft\maven\repository\io\netty\netty-common\4.1.27.Final\netty-common-4.1.27.Final.jar;D:\soft\maven\repository\io\netty\netty-transport\4.1.27.Final\netty-transport-4.1.27.Final.jar;D:\soft\maven\repository\io\netty\netty-buffer\4.1.27.Final\netty-buffer-4.1.27.Final.jar;D:\soft\maven\repository\io\netty\netty-resolver\4.1.27.Final\netty-resolver-4.1.27.Final.jar;D:\soft\maven\repository\io\netty\netty-handler\4.1.27.Final\netty-handler-4.1.27.Final.jar;D:\soft\maven\repository\io\netty\netty-codec\4.1.27.Final\netty-codec-4.1.27.Final.jar;D:\soft\maven\repository\org\springframework\boot\spring-boot-starter-web\2.0.4.RELEASE\spring-boot-starter-web-2.0.4.RELEASE.jar;D:\soft\maven\repository\org\springframework\boot\spring-boot-starter-json\2.0.4.RELEASE\spring-boot-starter-json-2.0.4.RELEASE.jar;D:\soft\maven\repository\com\fasterxml\jackson\datatype\jackson-datatype-jdk8\2.9.6\jackson-datatype-jdk8-2.9.6.jar;D:\soft\maven\repository\com\fasterxml\jackson\datatype\jackson-datatype-jsr310\2.9.6\jackson-datatype-jsr310-2.9.6.jar;D:\soft\maven\repository\com\fasterxml\jackson\module\jackson-module-parameter-names\2.9.6\jackson-module-parameter-names-2.9.6.jar;D:\soft\maven\repository\org\springframework\boot\spring-boot-starter-tomcat\2.0.4.RELEASE\spring-boot-starter-tomcat-2.0.4.RELEASE.jar;D:\soft\maven\repository\org\apache\tomcat\embed\tomcat-embed-core\8.5.32\tomcat-embed-core-8.5.32.jar;D:\soft\maven\repository\org\apache\tomcat\embed\tomcat-embed-el\8.5.32\tomcat-embed-el-8.5.32.jar;D:\soft\maven\repository\org\apache\tomcat\embed\tomcat-embed-websocket\8.5.32\tomcat-embed-websocket-8.5.32.jar;D:\soft\maven\repository\org\hibernate\validator\hibernate-validator\6.0.11.Final\hibernate-validator-6.0.11.Final.jar;D:\soft\maven\repository\org\jboss\logging\jboss-logging\3.3.2.Final\jboss-logging-3.3.2.Final.jar;D:\soft\maven\repository\com\fasterxml\classmate\1.3.4\classmate-1.3.4.jar;D:\soft\maven\repository\org\springframework\spring-web\5.0.8.RELEASE\spring-web-5.0.8.RELEASE.jar;D:\soft\maven\repository\org\springframework\spring-beans\5.0.8.RELEASE\spring-beans-5.0.8.RELEASE.jar;D:\soft\maven\repository\org\springframework\spring-webmvc\5.0.8.RELEASE\spring-webmvc-5.0.8.RELEASE.jar;D:\soft\maven\repository\org\springframework\spring-context\5.0.8.RELEASE\spring-context-5.0.8.RELEASE.jar;D:\soft\maven\repository\org\springframework\spring-expression\5.0.8.RELEASE\spring-expression-5.0.8.RELEASE.jar;D:\soft\maven\repository\org\mybatis\spring\boot\mybatis-spring-boot-starter\1.3.2\mybatis-spring-boot-starter-1.3.2.jar;D:\soft\maven\repository\org\springframework\boot\spring-boot-starter-jdbc\2.0.4.RELEASE\spring-boot-starter-jdbc-2.0.4.RELEASE.jar;D:\soft\maven\repository\com\zaxxer\HikariCP\2.7.9\HikariCP-2.7.9.jar;D:\soft\maven\repository\org\mybatis\spring\boot\mybatis-spring-boot-autoconfigure\1.3.2\mybatis-spring-boot-autoconfigure-1.3.2.jar;D:\soft\maven\repository\org\mybatis\mybatis\3.4.6\mybatis-3.4.6.jar;D:\soft\maven\repository\org\mybatis\mybatis-spring\1.3.2\mybatis-spring-1.3.2.jar;D:\soft\maven\repository\mysql\mysql-connector-java\5.1.46\mysql-connector-java-5.1.46.jar;D:\soft\maven\repository\org\springframework\boot\spring-boot-starter-test\2.0.4.RELEASE\spring-boot-starter-test-2.0.4.RELEASE.jar;D:\soft\maven\repository\org\springframework\boot\spring-boot-test\2.0.4.RELEASE\spring-boot-test-2.0.4.RELEASE.jar;D:\soft\maven\repository\org\springframework\boot\spring-boot-test-autoconfigure\2.0.4.RELEASE\spring-boot-test-autoconfigure-2.0.4.RELEASE.jar;D:\soft\maven\repository\com\jayway\jsonpath\json-path\2.4.0\json-path-2.4.0.jar;D:\soft\maven\repository\net\minidev\json-smart\2.3\json-smart-2.3.jar;D:\soft\maven\repository\net\minidev\accessors-smart\1.2\accessors-smart-1.2.jar;D:\soft\maven\repository\org\ow2\asm\asm\5.0.4\asm-5.0.4.jar;D:\soft\maven\repository\junit\junit\4.12\junit-4.12.jar;D:\soft\maven\repository\org\assertj\assertj-core\3.9.1\assertj-core-3.9.1.jar;D:\soft\maven\repository\org\mockito\mockito-core\2.15.0\mockito-core-2.15.0.jar;D:\soft\maven\repository\net\bytebuddy\byte-buddy\1.7.11\byte-buddy-1.7.11.jar;D:\soft\maven\repository\net\bytebuddy\byte-buddy-agent\1.7.11\byte-buddy-agent-1.7.11.jar;D:\soft\maven\repository\org\objenesis\objenesis\2.6\objenesis-2.6.jar;D:\soft\maven\repository\org\hamcrest\hamcrest-core\1.3\hamcrest-core-1.3.jar;D:\soft\maven\repository\org\hamcrest\hamcrest-library\1.3\hamcrest-library-1.3.jar;D:\soft\maven\repository\org\skyscreamer\jsonassert\1.5.0\jsonassert-1.5.0.jar;D:\soft\maven\repository\com\vaadin\external\google\android-json\0.0.20131108.vaadin1\android-json-0.0.20131108.vaadin1.jar;D:\soft\maven\repository\org\springframework\spring-test\5.0.8.RELEASE\spring-test-5.0.8.RELEASE.jar;D:\soft\maven\repository\org\xmlunit\xmlunit-core\2.5.1\xmlunit-core-2.5.1.jar;D:\soft\maven\repository\com\alibaba\fastjson\1.2.47\fastjson-1.2.47.jar;D:\soft\maven\repository\commons-io\commons-io\2.6\commons-io-2.6.jar;D:\soft\maven\repository\org\apache\commons\commons-lang3\3.7\commons-lang3-3.7.jar;D:\soft\maven\repository\org\slf4j\slf4j-log4j12\1.7.25\slf4j-log4j12-1.7.25.jar;D:\soft\maven\repository\org\slf4j\slf4j-api\1.7.25\slf4j-api-1.7.25.jar;D:\soft\maven\repository\log4j\log4j\1.2.17\log4j-1.2.17.jar;D:\soft\maven\repository\org\springframework\boot\spring-boot-devtools\2.0.4.RELEASE\spring-boot-devtools-2.0.4.RELEASE.jar;D:\soft\maven\repository\org\springframework\boot\spring-boot\2.0.4.RELEASE\spring-boot-2.0.4.RELEASE.jar;D:\soft\maven\repository\org\springframework\boot\spring-boot-autoconfigure\2.0.4.RELEASE\spring-boot-autoconfigure-2.0.4.RELEASE.jar;D:\soft\maven\repository\org\springframework\boot\spring-boot-starter-thymeleaf\2.0.4.RELEASE\spring-boot-starter-thymeleaf-2.0.4.RELEASE.jar;D:\soft\maven\repository\org\thymeleaf\thymeleaf-spring5\3.0.9.RELEASE\thymeleaf-spring5-3.0.9.RELEASE.jar;D:\soft\maven\repository\org\thymeleaf\thymeleaf\3.0.9.RELEASE\thymeleaf-3.0.9.RELEASE.jar;D:\soft\maven\repository\org\attoparser\attoparser\2.0.4.RELEASE\attoparser-2.0.4.RELEASE.jar;D:\soft\maven\repository\org\unbescape\unbescape\1.1.5.RELEASE\unbescape-1.1.5.RELEASE.jar;D:\soft\maven\repository\org\thymeleaf\extras\thymeleaf-extras-java8time\3.0.1.RELEASE\thymeleaf-extras-java8time-3.0.1.RELEASE.jar;D:\soft\maven\repository\net\sourceforge\nekohtml\nekohtml\1.9.22\nekohtml-1.9.22.jar;D:\soft\maven\repository\xerces\xercesImpl\2.11.0\xercesImpl-2.11.0.jar;D:\soft\maven\repository\xml-apis\xml-apis\1.4.01\xml-apis-1.4.01.jar;"/>
    <property name="sun.cpu.endian" value="little"/>
    <property name="user.home" value="C:\Users\HP"/>
    <property name="user.language" value="zh"/>
    <property name="java.specification.vendor" value="Oracle Corporation"/>
    <property name="java.home" value="C:\Program Files\Java\jdk1.8.0_162\jre"/>
    <property name="basedir" value="E:\zl\cartoonWeb\cartoon"/>
    <property name="file.separator" value="\"/>
    <property name="line.separator" value="&#10;"/>
    <property name="java.vm.specification.vendor" value="Oracle Corporation"/>
    <property name="java.specification.name" value="Java Platform API Specification"/>
    <property name="java.awt.graphicsenv" value="sun.awt.Win32GraphicsEnvironment"/>
    <property name="surefire.real.class.path" value="C:\Users\HP\AppData\Local\Temp\surefire3653555612386140320\surefirebooter242438026001978633.jar"/>
    <property name="sun.boot.class.path" value="C:\Program Files\Java\jdk1.8.0_162\jre\lib\resources.jar;C:\Program Files\Java\jdk1.8.0_162\jre\lib\rt.jar;C:\Program Files\Java\jdk1.8.0_162\jre\lib\sunrsasign.jar;C:\Program Files\Java\jdk1.8.0_162\jre\lib\jsse.jar;C:\Program Files\Java\jdk1.8.0_162\jre\lib\jce.jar;C:\Program Files\Java\jdk1.8.0_162\jre\lib\charsets.jar;C:\Program Files\Java\jdk1.8.0_162\jre\lib\jfr.jar;C:\Program Files\Java\jdk1.8.0_162\jre\classes"/>
    <property name="user.script" value=""/>
    <property name="sun.management.compiler" value="HotSpot 64-Bit Tiered Compilers"/>
    <property name="java.runtime.version" value="1.8.0_162-b12"/>
    <property name="user.name" value="HP"/>
    <property name="path.separator" value=";"/>
    <property name="os.version" value="10.0"/>
    <property name="java.endorsed.dirs" value="C:\Program Files\Java\jdk1.8.0_162\jre\lib\endorsed"/>
    <property name="java.runtime.name" value="Java(TM) SE Runtime Environment"/>
    <property name="file.encoding" value="GBK"/>
    <property name="java.vm.name" value="Java HotSpot(TM) 64-Bit Server VM"/>
    <property name="localRepository" value="D:\soft\maven\repository"/>
    <property name="java.vendor.url.bug" value="http://bugreport.sun.com/bugreport/"/>
    <property name="java.io.tmpdir" value="C:\Users\HP\AppData\Local\Temp\"/>
    <property name="idea.version" value="2017.3.5"/>
    <property name="java.version" value="1.8.0_162"/>
    <property name="user.dir" value="E:\zl\cartoonWeb\cartoon"/>
    <property name="os.arch" value="amd64"/>
    <property name="java.vm.specification.name" value="Java Virtual Machine Specification"/>
    <property name="java.awt.printerjob" value="sun.awt.windows.WPrinterJob"/>
    <property name="sun.os.patch.level" value=""/>
    <property name="java.library.path" value="C:\Program Files\Java\jdk1.8.0_162\jre\bin;C:\WINDOWS\Sun\Java\bin;C:\WINDOWS\system32;C:\WINDOWS;C:\ProgramData\Oracle\Java\javapath;C:\Program Files (x86)\Intel\iCLS Client\;C:\Program Files\Intel\iCLS Client\;C:\windows\system32;C:\windows;C:\windows\System32\Wbem;C:\windows\System32\WindowsPowerShell\v1.0\;C:\Program Files (x86)\Intel\Intel(R) Management Engine Components\DAL;C:\Program Files\Intel\Intel(R) Management Engine Components\DAL;C:\Program Files (x86)\Intel\Intel(R) Management Engine Components\IPT;C:\Program Files\Intel\Intel(R) Management Engine Components\IPT;C:\Program Files (x86)\NVIDIA Corporation\PhysX\Common;C:\Program Files\Git\cmd;C:\Program Files\TortoiseGit\bin;&quot;C:\Program Files\Java\jdk1.7.0_67\bin;&quot;;&quot;D:\soft\maven\apache-maven-3.5.3\bin;;C:\WINDOWS\system32;C:\WINDOWS;C:\WINDOWS\System32\Wbem;C:\WINDOWS\System32\WindowsPowerShell\v1.0\&quot;;&quot;C:\Program Files\Java\jre7\bin;C:\WINDOWS\System32\WindowsPowerShell\v1.0\;C:\WINDOWS\System32\OpenSSH\;C:\Program Files\nodejs\&quot;;C:\Program Files\nodejs;D:\TY\OpenResty;C:\Users\HP\AppData\Local\Microsoft\WindowsApps;C:\Users\HP\AppData\Local\GitHubDesktop\bin;C:\Users\HP\AppData\Local\Microsoft\WindowsApps;C:\Users\HP\AppData\Roaming\npm;."/>
    <property name="java.vm.info" value="mixed mode"/>
    <property name="java.vendor" value="Oracle Corporation"/>
    <property name="java.vm.version" value="25.162-b12"/>
    <property name="java.ext.dirs" value="C:\Program Files\Java\jdk1.8.0_162\jre\lib\ext;C:\WINDOWS\Sun\Java\lib\ext"/>
    <property name="sun.io.unicode.encoding" value="UnicodeLittle"/>
    <property name="maven.repo.local" value="D:\soft\maven\repository"/>
    <property name="java.class.version" value="52.0"/>
  </properties>
  <testcase name="contextLoads" classname="com.zl.cartoon.CartoonApplicationTests" time="0.082"/>
</testsuite>